<?xml version="1.0" encoding="UTF-8"?>
<testsuite name="ru.stqa.pft.addressbook.tests.ContactDeletionTests" tests="1" skipped="0" failures="0" errors="0" timestamp="2021-07-09T13:49:23" hostname="DESKTOP-UUMLEGK" time="0.35">
  <properties/>
  <testcase name="testContactDeletion" classname="ru.stqa.pft.addressbook.tests.ContactDeletionTests" time="0.35"/>
  <system-out><![CDATA[]]></system-out>
  <system-err><![CDATA[SLF4J: Failed to load class "org.slf4j.impl.StaticLoggerBinder".
SLF4J: Defaulting to no-operation (NOP) logger implementation
SLF4J: See http://www.slf4j.org/codes.html#StaticLoggerBinder for further details.
1625838559180	geckodriver	INFO	Listening on 127.0.0.1:9865
1625838559569	mozrunner::runner	INFO	Running command: "C:\\Program Files\\Mozilla Firefox\\firefox.exe" "--marionette" "--remote-debugging-port" "0" "-foreground" "-no-remote" "-profile" "C:\\Users\\biegu\\AppData\\Local\\Temp\\rust_mozprofileR7Vc8b"
1625838560176	Marionette	INFO	Marionette enabled
console.warn: SearchSettings: "get: No settings file exists, new profile?" (new NotFoundError("Could not open the file at C:\\Users\\biegu\\AppData\\Local\\Temp\\rust_mozprofileR7Vc8b\\search.json.mozlz4", (void 0)))
DevTools listening on ws://localhost:54592/devtools/browser/8cb2436c-bd97-4bf4-bf9d-2174bf1958b8
1625838562703	Marionette	INFO	Listening on port 54574
1625838562781	Marionette	WARN	TLS certificate errors will be ignored for this session
lip 09, 2021 3:49:22 PM org.openqa.selenium.remote.ProtocolHandshake createSession
INFO: Detected dialect: W3C
1625838564209	Marionette	INFO	Stopped listening on port 54574
!!! error running onStopped callback: TypeError: callback is not a function
1625838564939	RemoteAgent	ERROR	unable to stop listener: [Exception... "Component returned failure code: 0x8000ffff (NS_ERROR_UNEXPECTED) [nsIWindowMediator.getEnumerator]"  nsresult: "0x8000ffff (NS_ERROR_UNEXPECTED)"  location: "JS frame :: chrome://remote/content/cdp/observers/TargetObserver.jsm :: stop :: line 64"  data: no] Stack trace: stop()@TargetObserver.jsm:64
unwatchForTabs()@TargetList.jsm:70
unwatchForTargets()@TargetList.jsm:37
destructor()@TargetList.jsm:109
close()@RemoteAgent.jsm:136
]]></system-err>
</testsuite>
